d:\projects\pacman\pacman\debug\vc140.pdb
d:\projects\pacman\pacman\debug\vc140.idb
c:\users\hernan\pacman\pacman\debug\vc142.pdb
c:\users\hernan\pacman\pacman\debug\vc142.idb
c:\users\hernan\pacman\pacman\debug\vector2f.obj
c:\users\hernan\pacman\pacman\debug\pathmaptile.obj
c:\users\hernan\pacman\pacman\debug\pacman.obj
c:\users\hernan\pacman\pacman\debug\main.obj
c:\users\hernan\pacman\pacman\debug\drawer.obj
c:\users\hernan\pacman\pacman\debug\world.obj
c:\users\hernan\pacman\pacman\debug\staticgameentity.obj
c:\users\hernan\pacman\pacman\debug\sprite.obj
c:\users\hernan\pacman\pacman\debug\movablegameentity.obj
c:\users\hernan\pacman\pacman\debug\ghost.obj
c:\users\hernan\pacman\pacman\debug\gameentity.obj
c:\users\hernan\pacman\pacman\debug\dot.obj
c:\users\hernan\pacman\pacman\debug\cherry.obj
c:\users\hernan\pacman\pacman\debug\bigdot.obj
c:\users\hernan\pacman\pacman\debug\avatar.obj
c:\users\hernan\pacman\pacman\debug\spritefont.obj
c:\users\hernan\pacman\debug\pacman.exe
c:\users\hernan\pacman\pacman\debug\pacman.ilk
c:\users\hernan\pacman\debug\pacman.pdb
c:\users\hernan\pacman\pacman\debug\ghost.obj.enc
c:\users\hernan\pacman\pacman\debug\pacman.tlog\cl.command.1.tlog
c:\users\hernan\pacman\pacman\debug\pacman.tlog\cl.read.1.tlog
c:\users\hernan\pacman\pacman\debug\pacman.tlog\cl.write.1.tlog
c:\users\hernan\pacman\pacman\debug\pacman.tlog\link.command.1.tlog
c:\users\hernan\pacman\pacman\debug\pacman.tlog\link.read.1.tlog
c:\users\hernan\pacman\pacman\debug\pacman.tlog\link.write.1.tlog
